<?xml version="1.0" encoding="UTF-8"?>
<!-- Generated by org.testng.reporters.JUnitXMLReporter -->
<testsuite hostname="Brat-PC" ignored="0" name="PhantomJsTest" tests="1" failures="0" timestamp="27 Nov 2019 18:41:53 GMT" time="21.708" errors="0">
  <testcase name="@BeforeTest launchBrowser" time="13.607" classname="com.edureka.common.BaseTest">
    <failure type="java.lang.NoClassDefFoundError" message="org/openqa/selenium/browserlaunchers/Proxies">
      <![CDATA[java.lang.NoClassDefFoundError: org/openqa/selenium/browserlaunchers/Proxies
at org.openqa.selenium.phantomjs.PhantomJSDriverService.createDefaultService(PhantomJSDriverService.java:178)
at org.openqa.selenium.phantomjs.PhantomJSDriver.<init>(PhantomJSDriver.java:99)
at org.openqa.selenium.phantomjs.PhantomJSDriver.<init>(PhantomJSDriver.java:89)
at com.edureka.common.BaseTest.launchBrowser(BaseTest.java:37)
Caused by: java.lang.ClassNotFoundException: org.openqa.selenium.browserlaunchers.Proxies
at java.net.URLClassLoader.findClass(URLClassLoader.java:381)
at java.lang.ClassLoader.loadClass(ClassLoader.java:424)
at sun.misc.Launcher$AppClassLoader.loadClass(Launcher.java:331)
at java.lang.ClassLoader.loadClass(ClassLoader.java:357)
... 28 more
... Removed 24 stack frames]]>
    </failure>
  </testcase> <!-- @BeforeTest launchBrowser -->
  <testcase name="@AfterTest closeBrowsers" time="0.0" classname="com.edureka.common.BaseTest">
    <skipped/>
  </testcase> <!-- @AfterTest closeBrowsers -->
  <testcase name="tc_01_searchEdureka" time="0.0" classname="com.edureka.testscripts.GoogleSearchScript">
    <skipped/>
  </testcase> <!-- tc_01_searchEdureka -->
</testsuite> <!-- PhantomJsTest -->
